\BOOKMARK [0][-]{chapter*.4}{Wprowadzenie}{}% 1
\BOOKMARK [0][-]{chapter.1}{Wykorzystane\040technologie}{}% 2
\BOOKMARK [1][-]{section.1.1}{Ruby\040on\040Rails}{chapter.1}% 3
\BOOKMARK [1][-]{section.1.2}{Bootstrap}{chapter.1}% 4
\BOOKMARK [0][-]{chapter.2}{Implementacja}{}% 5
\BOOKMARK [1][-]{section.2.1}{Interfejs graficzny użytkownika}{chapter.2}% 6
\BOOKMARK [1][-]{section.2.2}{Panel\040logowania}{chapter.2}% 7
\BOOKMARK [1][-]{section.2.3}{Tabela zgłoszeń}{chapter.2}% 8
\BOOKMARK [0][-]{chapter.3}{Elementy\040funkcjonalne\040systemu}{}% 9
\BOOKMARK [1][-]{section.3.1}{Uaktywnienie przypominania hasła na e-mail}{chapter.3}% 10
\BOOKMARK [1][-]{section.3.2}{Uaktywnienie\040e-maili\040powitalnych\040podczas\040rejestracji}{chapter.3}% 11
\BOOKMARK [1][-]{section.3.3}{Przeszukiwanie\040danych\040w\040czasie\040rzeczywistym}{chapter.3}% 12
\BOOKMARK [1][-]{section.3.4}{Automatyzacja powiadomień}{chapter.3}% 13
\BOOKMARK [0][-]{chapter.4}{Testowanie aplikacji na urządzeniach mobilnych}{}% 14
\BOOKMARK [0][-]{chapter.5}{Test szybkości ładowania strony}{}% 15
\BOOKMARK [0][-]{chapter.6}{Walidacja\040kodu}{}% 16
\BOOKMARK [0][-]{chapter*.5}{Zakończenie}{}% 17
\BOOKMARK [0][-]{appendix.A}{Tytuł załącznika jeden}{}% 18
\BOOKMARK [0][-]{appendix.B}{Tytuł załącznika dwa}{}% 19
\BOOKMARK [0][-]{appendix*.6}{Bibliografia}{}% 20
\BOOKMARK [0][-]{appendix*.7}{Spis rysunków}{}% 21
\BOOKMARK [0][-]{appendix*.8}{Spis kodów źródłowych}{}% 22
\BOOKMARK [0][-]{appendix*.9}{Spis\040tabel}{}% 23
\BOOKMARK [0][-]{appendix*.10}{Oświadczenie}{}% 24
